TN:
SF:src/App.tsx
FN:14,App
FNF:1
FNH:1
FNDA:13,App
DA:1,1
DA:2,1
DA:16,13
DA:18,13
DA:42,1
LF:5
LH:5
BRF:0
BRH:0
end_of_record
TN:
SF:src/todos.ts
FN:88,(anonymous_0)
FN:89,(anonymous_1)
FN:93,(anonymous_2)
FN:94,(anonymous_3)
FN:98,(anonymous_4)
FN:103,(anonymous_5)
FN:104,(anonymous_6)
FNF:7
FNH:3
FNDA:0,(anonymous_0)
FNDA:0,(anonymous_1)
FNDA:0,(anonymous_2)
FNDA:0,(anonymous_3)
FNDA:10,(anonymous_4)
FNDA:100,(anonymous_5)
FNDA:100,(anonymous_6)
DA:14,1
DA:88,1
DA:89,0
DA:93,1
DA:94,0
DA:98,1
DA:103,100
DA:104,100
DA:106,10
LF:9
LH:7
BRF:0
BRH:0
end_of_record
TN:
SF:src/components/feature/Table.tsx
FN:1,Table
FNF:1
FNH:0
FNDA:0,Table
DA:1,0
DA:2,0
LF:2
LH:0
BRF:0
BRH:0
end_of_record
TN:
SF:src/components/ui/FilterButtons.tsx
FN:48,(anonymous_0)
FN:54,(anonymous_1)
FN:57,(anonymous_2)
FNF:3
FNH:3
FNDA:13,(anonymous_0)
FNDA:39,(anonymous_1)
FNDA:3,(anonymous_2)
DA:21,1
DA:46,1
DA:48,1
DA:52,13
DA:55,39
DA:57,3
DA:72,1
LF:7
LH:7
BRDA:61,0,0,13
BRDA:61,0,1,26
BRF:2
BRH:2
end_of_record
TN:
SF:src/components/ui/Footer.tsx
FN:6,(anonymous_0)
FNF:1
FNH:1
FNDA:24,(anonymous_0)
DA:6,2
DA:7,24
DA:19,2
LF:3
LH:3
BRF:0
BRH:0
end_of_record
TN:
SF:src/components/ui/Header.tsx
FN:11,(anonymous_0)
FNF:1
FNH:1
FNDA:24,(anonymous_0)
DA:11,2
DA:12,24
DA:22,2
LF:3
LH:3
BRF:0
BRH:0
end_of_record
TN:
SF:src/components/ui/StatsCard.tsx
FN:18,(anonymous_0)
FNF:1
FNH:1
FNDA:39,(anonymous_0)
DA:12,1
DA:18,1
DA:19,39
DA:33,1
LF:4
LH:4
BRF:0
BRH:0
end_of_record
TN:
SF:src/components/ui/StatsSection.tsx
FN:16,(anonymous_0)
FNF:1
FNH:1
FNDA:13,(anonymous_0)
DA:6,1
DA:16,1
DA:17,13
DA:38,1
LF:4
LH:4
BRF:0
BRH:0
end_of_record
TN:
SF:src/components/ui/TodoItem.tsx
FN:13,(anonymous_0)
FNF:1
FNH:1
FNDA:120,(anonymous_0)
DA:13,1
DA:14,120
DA:18,120
DA:19,120
DA:21,120
DA:57,1
LF:6
LH:6
BRDA:14,0,0,48
BRDA:14,0,1,72
BRDA:18,1,0,48
BRDA:18,1,1,72
BRDA:19,2,0,48
BRDA:19,2,1,72
BRF:6
BRH:6
end_of_record
TN:
SF:src/components/ui/TodoList.tsx
FN:15,(anonymous_0)
FN:33,(anonymous_1)
FNF:2
FNH:2
FNDA:13,(anonymous_0)
FNDA:120,(anonymous_1)
DA:7,1
DA:15,1
DA:20,13
DA:21,0
DA:31,13
DA:34,120
DA:40,1
LF:7
LH:6
BRDA:18,0,0,0
BRDA:20,1,0,0
BRDA:20,1,1,13
BRF:3
BRH:1
end_of_record
TN:
SF:src/components/ui/index.ts
FN:7,(anonymous_1)
FN:8,(anonymous_2)
FN:9,(anonymous_3)
FN:10,(anonymous_4)
FN:11,(anonymous_5)
FN:12,(anonymous_6)
FN:13,(anonymous_7)
FN:16,(anonymous_8)
FN:17,(anonymous_9)
FN:18,(anonymous_10)
FN:19,(anonymous_11)
FN:20,(anonymous_12)
FN:21,(anonymous_13)
FN:22,(anonymous_14)
FNF:14
FNH:5
FNDA:13,(anonymous_1)
FNDA:0,(anonymous_2)
FNDA:13,(anonymous_3)
FNDA:13,(anonymous_4)
FNDA:0,(anonymous_5)
FNDA:13,(anonymous_6)
FNDA:13,(anonymous_7)
FNDA:0,(anonymous_8)
FNDA:0,(anonymous_9)
FNDA:0,(anonymous_10)
FNDA:0,(anonymous_11)
FNDA:0,(anonymous_12)
FNDA:0,(anonymous_13)
FNDA:0,(anonymous_14)
DA:7,14
DA:8,1
DA:9,14
DA:10,14
DA:11,1
DA:12,14
DA:13,14
DA:16,1
DA:17,1
DA:18,1
DA:19,1
DA:20,1
DA:21,1
DA:22,1
LF:14
LH:14
BRF:0
BRH:0
end_of_record
TN:
SF:src/hooks/useTodo.ts
FN:35,(anonymous_0)
FN:39,(anonymous_1)
FN:42,(anonymous_2)
FN:43,(anonymous_3)
FNF:4
FNH:4
FNDA:13,(anonymous_0)
FNDA:10,(anonymous_1)
FNDA:13,(anonymous_2)
FNDA:130,(anonymous_3)
DA:6,1
DA:7,1
DA:9,1
DA:35,1
DA:36,13
DA:39,13
DA:42,13
DA:43,13
DA:44,130
DA:45,120
DA:46,110
DA:52,13
DA:66,1
LF:13
LH:13
BRDA:44,0,0,10
BRDA:44,0,1,120
BRDA:45,1,0,10
BRDA:45,1,1,110
BRF:4
BRH:4
end_of_record
TN:
SF:src/utils/dateUtils.ts
FN:12,(anonymous_0)
FN:26,(anonymous_1)
FN:36,(anonymous_2)
FN:56,(anonymous_3)
FN:71,(anonymous_4)
FNF:5
FNH:1
FNDA:240,(anonymous_0)
FNDA:0,(anonymous_1)
FNDA:0,(anonymous_2)
FNDA:0,(anonymous_3)
FNDA:0,(anonymous_4)
DA:12,1
DA:13,240
DA:26,1
DA:27,0
DA:36,1
DA:37,0
DA:38,0
DA:39,0
DA:41,0
DA:42,0
DA:43,0
DA:44,0
DA:45,0
DA:47,0
DA:56,1
DA:57,0
DA:58,0
DA:71,1
DA:72,0
DA:73,0
DA:74,0
LF:21
LH:6
BRDA:41,0,0,0
BRDA:41,0,1,0
BRDA:42,1,0,0
BRDA:42,1,1,0
BRDA:43,2,0,0
BRDA:43,2,1,0
BRDA:44,3,0,0
BRDA:44,3,1,0
BRDA:45,4,0,0
BRDA:45,4,1,0
BRDA:59,5,0,0
BRDA:59,5,1,0
BRDA:59,5,2,0
BRDA:74,6,0,0
BRDA:74,6,1,0
BRF:15
BRH:0
end_of_record
TN:
SF:src/utils/index.ts
FN:8,(anonymous_0)
FN:9,(anonymous_1)
FN:10,(anonymous_2)
FN:11,(anonymous_3)
FN:12,(anonymous_4)
FNF:5
FNH:1
FNDA:13,(anonymous_0)
FNDA:0,(anonymous_1)
FNDA:0,(anonymous_2)
FNDA:0,(anonymous_3)
FNDA:0,(anonymous_4)
DA:7,1
DA:8,14
DA:9,1
DA:10,1
DA:11,1
DA:12,1
LF:6
LH:6
BRF:0
BRH:0
end_of_record
